# JRE version: Java(TM) SE Runtime Environment (8.0_101-b13) (build 1.8.0_101-b13)
# Java VM: Java HotSpot(TM) 64-Bit Server VM (25.101-b13 mixed mode windows-amd64 compressed oops)
Heap:
 PSYoungGen      total 100864K, used 19883K [0x00000000eab00000, 0x00000000f6580000, 0x0000000100000000)
  eden space 78848K, 7% used [0x00000000eab00000,0x00000000eb0773c0,0x00000000ef800000)
  from space 22016K, 64% used [0x00000000f5000000,0x00000000f5df3a60,0x00000000f6580000)
  to   space 14336K, 0% used [0x00000000ef800000,0x00000000ef800000,0x00000000f0600000)
 ParOldGen       total 31232K, used 31172K [0x00000000c0000000, 0x00000000c1e80000, 0x00000000eab00000)
  object space 31232K, 99% used [0x00000000c0000000,0x00000000c1e710b8,0x00000000c1e80000)
 Metaspace       used 6555K, capacity 7256K, committed 7424K, reserved 1060864K
  class space    used 624K, capacity 656K, committed 768K, reserved 1048576K
GC Heap History (10 events):
Event: 3.663 GC heap before
{Heap before GC invocations=6 (full 1):
 PSYoungGen      total 47104K, used 47087K [0x00000000eab00000, 0x00000000ede00000, 0x0000000100000000)
  eden space 43520K, 100% used [0x00000000eab00000,0x00000000ed580000,0x00000000ed580000)
  from space 3584K, 99% used [0x00000000ed900000,0x00000000edc7bde8,0x00000000edc80000)
  to   space 3584K, 0% used [0x00000000ed580000,0x00000000ed580000,0x00000000ed900000)
 ParOldGen       total 31232K, used 6902K [0x00000000c0000000, 0x00000000c1e80000, 0x00000000eab00000)
  object space 31232K, 22% used [0x00000000c0000000,0x00000000c06bdab0,0x00000000c1e80000)
 Metaspace       used 6267K, capacity 7090K, committed 7296K, reserved 1060864K
  class space    used 604K, capacity 618K, committed 640K, reserved 1048576K
Event: 3.683 GC heap after
Heap after GC invocations=6 (full 1):
 PSYoungGen      total 47104K, used 3567K [0x00000000eab00000, 0x00000000f1280000, 0x0000000100000000)
  eden space 43520K, 0% used [0x00000000eab00000,0x00000000eab00000,0x00000000ed580000)
  from space 3584K, 99% used [0x00000000ed580000,0x00000000ed8fbde8,0x00000000ed900000)
  to   space 12800K, 0% used [0x00000000f0600000,0x00000000f0600000,0x00000000f1280000)
 ParOldGen       total 31232K, used 13266K [0x00000000c0000000, 0x00000000c1e80000, 0x00000000eab00000)
  object space 31232K, 42% used [0x00000000c0000000,0x00000000c0cf48d0,0x00000000c1e80000)
 Metaspace       used 6267K, capacity 7090K, committed 7296K, reserved 1060864K
  class space    used 604K, capacity 618K, committed 640K, reserved 1048576K
}
Event: 4.061 GC heap before
{Heap before GC invocations=7 (full 1):
 PSYoungGen      total 47104K, used 47087K [0x00000000eab00000, 0x00000000f1280000, 0x0000000100000000)
  eden space 43520K, 100% used [0x00000000eab00000,0x00000000ed580000,0x00000000ed580000)
  from space 3584K, 99% used [0x00000000ed580000,0x00000000ed8fbde8,0x00000000ed900000)
  to   space 12800K, 0% used [0x00000000f0600000,0x00000000f0600000,0x00000000f1280000)
 ParOldGen       total 31232K, used 13266K [0x00000000c0000000, 0x00000000c1e80000, 0x00000000eab00000)
  object space 31232K, 42% used [0x00000000c0000000,0x00000000c0cf48d0,0x00000000c1e80000)
 Metaspace       used 6320K, capacity 7154K, committed 7296K, reserved 1060864K
  class space    used 604K, capacity 618K, committed 640K, reserved 1048576K
Event: 4.084 GC heap after
Heap after GC invocations=7 (full 1):
 PSYoungGen      total 91648K, used 10447K [0x00000000eab00000, 0x00000000f1700000, 0x0000000100000000)
  eden space 78848K, 0% used [0x00000000eab00000,0x00000000eab00000,0x00000000ef800000)
  from space 12800K, 81% used [0x00000000f0600000,0x00000000f1033de8,0x00000000f1280000)
  to   space 14336K, 0% used [0x00000000ef800000,0x00000000ef800000,0x00000000f0600000)
 ParOldGen       total 31232K, used 13266K [0x00000000c0000000, 0x00000000c1e80000, 0x00000000eab00000)
  object space 31232K, 42% used [0x00000000c0000000,0x00000000c0cf48d0,0x00000000c1e80000)
 Metaspace       used 6320K, capacity 7154K, committed 7296K, reserved 1060864K
  class space    used 604K, capacity 618K, committed 640K, reserved 1048576K
}
Event: 5.608 GC heap before
{Heap before GC invocations=8 (full 1):
 PSYoungGen      total 91648K, used 89295K [0x00000000eab00000, 0x00000000f1700000, 0x0000000100000000)
  eden space 78848K, 100% used [0x00000000eab00000,0x00000000ef800000,0x00000000ef800000)
  from space 12800K, 81% used [0x00000000f0600000,0x00000000f1033de8,0x00000000f1280000)
  to   space 14336K, 0% used [0x00000000ef800000,0x00000000ef800000,0x00000000f0600000)
 ParOldGen       total 31232K, used 13266K [0x00000000c0000000, 0x00000000c1e80000, 0x00000000eab00000)
  object space 31232K, 42% used [0x00000000c0000000,0x00000000c0cf48d0,0x00000000c1e80000)
 Metaspace       used 6433K, capacity 7218K, committed 7296K, reserved 1060864K
  class space    used 604K, capacity 618K, committed 640K, reserved 1048576K
Event: 5.647 GC heap after
Heap after GC invocations=8 (full 1):
 PSYoungGen      total 93184K, used 14335K [0x00000000eab00000, 0x00000000f6580000, 0x0000000100000000)
  eden space 78848K, 0% used [0x00000000eab00000,0x00000000eab00000,0x00000000ef800000)
  from space 14336K, 99% used [0x00000000ef800000,0x00000000f05fffe8,0x00000000f0600000)
  to   space 22016K, 0% used [0x00000000f5000000,0x00000000f5000000,0x00000000f6580000)
 ParOldGen       total 31232K, used 21824K [0x00000000c0000000, 0x00000000c1e80000, 0x00000000eab00000)
  object space 31232K, 69% used [0x00000000c0000000,0x00000000c15501b8,0x00000000c1e80000)
 Metaspace       used 6433K, capacity 7218K, committed 7296K, reserved 1060864K
  class space    used 604K, capacity 618K, committed 640K, reserved 1048576K
}
Event: 6.191 GC heap before
{Heap before GC invocations=9 (full 1):
 PSYoungGen      total 93184K, used 93183K [0x00000000eab00000, 0x00000000f6580000, 0x0000000100000000)
  eden space 78848K, 100% used [0x00000000eab00000,0x00000000ef800000,0x00000000ef800000)
  from space 14336K, 99% used [0x00000000ef800000,0x00000000f05fffe8,0x00000000f0600000)
  to   space 22016K, 0% used [0x00000000f5000000,0x00000000f5000000,0x00000000f6580000)
 ParOldGen       total 31232K, used 21824K [0x00000000c0000000, 0x00000000c1e80000, 0x00000000eab00000)
  object space 31232K, 69% used [0x00000000c0000000,0x00000000c15501b8,0x00000000c1e80000)
 Metaspace       used 6543K, capacity 7256K, committed 7424K, reserved 1060864K
  class space    used 624K, capacity 656K, committed 768K, reserved 1048576K
Event: 6.275 GC heap after
Heap after GC invocations=9 (full 1):
 PSYoungGen      total 100864K, used 22000K [0x00000000eab00000, 0x00000000f6580000, 0x0000000100000000)
  eden space 78848K, 0% used [0x00000000eab00000,0x00000000eab00000,0x00000000ef800000)
  from space 22016K, 99% used [0x00000000f5000000,0x00000000f657c200,0x00000000f6580000)
  to   space 14336K, 0% used [0x00000000ef800000,0x00000000ef800000,0x00000000f0600000)
 ParOldGen       total 31232K, used 26297K [0x00000000c0000000, 0x00000000c1e80000, 0x00000000eab00000)
  object space 31232K, 84% used [0x00000000c0000000,0x00000000c19ae630,0x00000000c1e80000)
 Metaspace       used 6543K, capacity 7256K, committed 7424K, reserved 1060864K
  class space    used 624K, capacity 656K, committed 768K, reserved 1048576K
}
Event: 6.275 GC heap before
{Heap before GC invocations=10 (full 2):
 PSYoungGen      total 100864K, used 22000K [0x00000000eab00000, 0x00000000f6580000, 0x0000000100000000)
  eden space 78848K, 0% used [0x00000000eab00000,0x00000000eab00000,0x00000000ef800000)
  from space 22016K, 99% used [0x00000000f5000000,0x00000000f657c200,0x00000000f6580000)
  to   space 14336K, 0% used [0x00000000ef800000,0x00000000ef800000,0x00000000f0600000)
 ParOldGen       total 31232K, used 26297K [0x00000000c0000000, 0x00000000c1e80000, 0x00000000eab00000)
  object space 31232K, 84% used [0x00000000c0000000,0x00000000c19ae630,0x00000000c1e80000)
 Metaspace       used 6543K, capacity 7256K, committed 7424K, reserved 1060864K
  class space    used 624K, capacity 656K, committed 768K, reserved 1048576K
Event: 6.929 GC heap after
Heap after GC invocations=10 (full 2):
 PSYoungGen      total 100864K, used 14286K [0x00000000eab00000, 0x00000000f6580000, 0x0000000100000000)
  eden space 78848K, 0% used [0x00000000eab00000,0x00000000eab00000,0x00000000ef800000)
  from space 22016K, 64% used [0x00000000f5000000,0x00000000f5df3a60,0x00000000f6580000)
  to   space 14336K, 0% used [0x00000000ef800000,0x00000000ef800000,0x00000000f0600000)
 ParOldGen       total 31232K, used 31172K [0x00000000c0000000, 0x00000000c1e80000, 0x00000000eab00000)
  object space 31232K, 99% used [0x00000000c0000000,0x00000000c1e710b8,0x00000000c1e80000)
 Metaspace       used 6543K, capacity 7256K, committed 7424K, reserved 1060864K
  class space    used 624K, capacity 656K, committed 768K, reserved 1048576K
}

